\BOOKMARK [1][-]{section.1}{\376\377\000T\000e\000r\000a\000S\000o\000r\000t\000\040\000b\000a\000s\000e\000d\000\040\000o\000n\000\040\000H\000i\000B\000e\000n\000c\000h}{}% 1
\BOOKMARK [1][-]{section.2}{\376\377\000P\000a\000g\000e\000R\000a\000n\000k\000\040\000b\000a\000s\000e\000d\000\040\000o\000n\000\040\000H\000i\000B\000e\000n\000c\000h}{}% 2
\BOOKMARK [1][-]{section.3}{\376\377\000C\000l\000a\000s\000s\000i\000f\000i\000c\000a\000t\000i\000o\000n\000\040\000u\000s\000i\000n\000g\000\040\000N\000a\000i\000v\000e\000B\000a\000y\000e\000s\000\040\000b\000a\000s\000e\000d\000\040\000o\000n\000\040\000H\000i\000B\000e\000n\000c\000h}{}% 3
\BOOKMARK [1][-]{section.4}{\376\377\000M\000a\000t\000r\000i\000x\000\040\000M\000u\000l\000t\000i\000p\000l\000i\000c\000a\000t\000i\000o\000n}{}% 4
\BOOKMARK [2][-]{subsection.4.1}{\376\377\000M\000a\000t\000r\000i\000x\000\040\000M\000u\000l\000t\000i\000p\000l\000i\000c\000a\000t\000i\000o\000n\000\040\000A\000l\000g\000o\000r\000i\000t\000h\000m}{section.4}% 5
\BOOKMARK [2][-]{subsection.4.2}{\376\377\000M\000a\000t\000r\000i\000x\000\040\000M\000u\000l\000t\000i\000p\000l\000i\000c\000a\000t\000i\000o\000n\000\040\000i\000n\000\040\000M\000a\000p\000R\000e\000d\000u\000c\000e}{section.4}% 6
\BOOKMARK [1][-]{section.5}{\376\377\000I\000m\000a\000g\000e\000\040\000C\000l\000a\000s\000s\000i\000f\000i\000c\000a\000t\000i\000o\000n}{}% 7
\BOOKMARK [2][-]{subsection.5.1}{\376\377\000T\000h\000e\000\040\000s\000t\000r\000u\000c\000t\000u\000r\000e\000\040\000o\000f\000\040\000n\000e\000t\000w\000o\000r\000k\000\040\000s\000t\000r\000u\000c\000t\000u\000r\000e}{section.5}% 8
\BOOKMARK [2][-]{subsection.5.2}{\376\377\000R\000e\000s\000u\000l\000t\000\040\000w\000i\000t\000h\000\040\000d\000e\000f\000a\000u\000l\000t\000\040\000s\000e\000t\000t\000i\000n\000g\000s}{section.5}% 9
\BOOKMARK [2][-]{subsection.5.3}{\376\377\000R\000e\000s\000u\000l\000t\000\040\000w\000i\000t\000h\000\040\000d\000i\000f\000f\000e\000r\000e\000n\000t\000\040\000s\000e\000t\000t\000i\000n\000g\000s}{section.5}% 10
\BOOKMARK [2][-]{subsection.5.4}{\376\377\000R\000e\000c\000o\000r\000d\000i\000n\000g\000\040\000o\000f\000\040\000s\000y\000s\000t\000e\000m\000\040\000r\000u\000n\000\040\000t\000i\000m\000e\000\040\000i\000n\000f\000o\000r\000m\000a\000t\000i\000o\000n\000\040}{section.5}% 11
\BOOKMARK [1][-]{section.6}{\376\377\000I\000m\000a\000g\000e\000\040\000t\000o\000\040\000T\000e\000x\000t}{}% 12
\BOOKMARK [2][-]{subsection.6.1}{\376\377\000E\000x\000p\000e\000r\000i\000m\000e\000n\000t\000\040\000S\000p\000e\000c\000i\000f\000i\000c\000a\000t\000i\000o\000n}{section.6}% 13
\BOOKMARK [2][-]{subsection.6.2}{\376\377\000I\000n\000t\000e\000r\000p\000r\000e\000t\000a\000t\000i\000o\000n\000\040\000o\000f\000\040\000P\000e\000r\000p\000l\000e\000x\000i\000t\000y}{section.6}% 14
\BOOKMARK [2][-]{subsection.6.3}{\376\377\000A\000n\000a\000l\000y\000s\000i\000s\000\040\000o\000f\000\040\000D\000i\000f\000f\000e\000r\000e\000n\000t\000\040\000H\000y\000p\000e\000r\000p\000a\000r\000a\000m\000e\000t\000e\000r\000s}{section.6}% 15
\BOOKMARK [3][-]{subsubsection.6.3.1}{\376\377\000e\000m\000b\000e\000d\000\137\000s\000i\000z\000e}{subsection.6.3}% 16
\BOOKMARK [3][-]{subsubsection.6.3.2}{\376\377\000l\000e\000a\000r\000n\000i\000n\000g\000\040\000r\000a\000t\000e}{subsection.6.3}% 17
\BOOKMARK [3][-]{subsubsection.6.3.3}{\376\377\000n\000u\000m\000b\000e\000r\000\040\000o\000f\000\040\000l\000a\000y\000e\000r\000s}{subsection.6.3}% 18
\BOOKMARK [3][-]{subsubsection.6.3.4}{\376\377\000h\000i\000d\000d\000e\000n\000\040\000s\000i\000z\000e}{subsection.6.3}% 19
\BOOKMARK [3][-]{subsubsection.6.3.5}{\376\377\000b\000a\000t\000c\000h\000\040\000s\000i\000z\000e}{subsection.6.3}% 20
\BOOKMARK [3][-]{subsubsection.6.3.6}{\376\377\000G\000P\000U\000\040\000a\000n\000d\000\040\000C\000P\000U\000\040\000u\000s\000a\000g\000e\000\040\000a\000n\000a\000l\000y\000s\000i\000s}{subsection.6.3}% 21
